# JRE version: OpenJDK Runtime Environment (21.0.10) (build 21.0.10+-14961533-b1163.108)
# Java VM: OpenJDK 64-Bit Server VM (21.0.10+-14961533-b1163.108, mixed mode, tiered, compressed oops, compressed class ptrs, g1 gc, windows-amd64)
GC Precious Log:
 CardTable entry size: 512
 Card Set container configuration: InlinePtr #cards 5 size 8 Array Of Cards #cards 12 size 40 Howl #buckets 4 coarsen threshold 1843 Howl Bitmap #cards 512 size 80 coarsen threshold 460 Card regions per heap region 1 cards per card region 2048
 CPUs: 2 total, 2 available
 Memory: 3905M
 Large Page Support: Disabled
 NUMA Support: Disabled
 Compressed Oops: Enabled (32-bit)
 Heap Region Size: 1M
 Heap Min Capacity: 8M
 Heap Initial Capacity: 62M
 Heap Max Capacity: 2G
 Pre-touch: Disabled
 Parallel Workers: 2
 Concurrent Workers: 1
 Concurrent Refinement Workers: 2
 Periodic GC: Disabled
Heap:
 garbage-first heap   total 538624K, used 524937K [0x0000000080000000, 0x0000000100000000)
  region size 1024K, 289 young (295936K), 14 survivors (14336K)
 Metaspace       used 177765K, committed 180288K, reserved 1245184K
  class space    used 22934K, committed 24192K, reserved 1048576K
GC Heap History (20 events):
Event: 536.882 GC heap before
{Heap before GC invocations=231 (full 0):
 garbage-first heap   total 538624K, used 278996K [0x0000000080000000, 0x0000000100000000)
  region size 1024K, 75 young (76800K), 14 survivors (14336K)
 Metaspace       used 177353K, committed 179840K, reserved 1245184K
  class space    used 22891K, committed 24128K, reserved 1048576K
}
Event: 536.924 GC heap after
{Heap after GC invocations=232 (full 0):
 garbage-first heap   total 538624K, used 218068K [0x0000000080000000, 0x0000000100000000)
  region size 1024K, 14 young (14336K), 14 survivors (14336K)
 Metaspace       used 177353K, committed 179840K, reserved 1245184K
  class space    used 22891K, committed 24128K, reserved 1048576K
}
Event: 538.867 GC heap before
{Heap before GC invocations=233 (full 0):
 garbage-first heap   total 538624K, used 515028K [0x0000000080000000, 0x0000000100000000)
  region size 1024K, 300 young (307200K), 14 survivors (14336K)
 Metaspace       used 177353K, committed 179840K, reserved 1245184K
  class space    used 22891K, committed 24128K, reserved 1048576K
}
Event: 538.919 GC heap after
{Heap after GC invocations=234 (full 0):
 garbage-first heap   total 538624K, used 219238K [0x0000000080000000, 0x0000000100000000)
  region size 1024K, 13 young (13312K), 13 survivors (13312K)
 Metaspace       used 177353K, committed 179840K, reserved 1245184K
  class space    used 22891K, committed 24128K, reserved 1048576K
}
Event: 541.205 GC heap before
{Heap before GC invocations=234 (full 0):
 garbage-first heap   total 538624K, used 509030K [0x0000000080000000, 0x0000000100000000)
  region size 1024K, 297 young (304128K), 13 survivors (13312K)
 Metaspace       used 177354K, committed 179840K, reserved 1245184K
  class space    used 22891K, committed 24128K, reserved 1048576K
}
Event: 541.243 GC heap after
{Heap after GC invocations=235 (full 0):
 garbage-first heap   total 538624K, used 216150K [0x0000000080000000, 0x0000000100000000)
  region size 1024K, 12 young (12288K), 12 survivors (12288K)
 Metaspace       used 177354K, committed 179840K, reserved 1245184K
  class space    used 22891K, committed 24128K, reserved 1048576K
}
Event: 544.931 GC heap before
{Heap before GC invocations=235 (full 0):
 garbage-first heap   total 538624K, used 510038K [0x0000000080000000, 0x0000000100000000)
  region size 1024K, 299 young (306176K), 12 survivors (12288K)
 Metaspace       used 177357K, committed 179904K, reserved 1245184K
  class space    used 22891K, committed 24128K, reserved 1048576K
}
Event: 545.021 GC heap after
{Heap after GC invocations=236 (full 0):
 garbage-first heap   total 538624K, used 218710K [0x0000000080000000, 0x0000000100000000)
  region size 1024K, 14 young (14336K), 14 survivors (14336K)
 Metaspace       used 177357K, committed 179904K, reserved 1245184K
  class space    used 22891K, committed 24128K, reserved 1048576K
}
Event: 548.220 GC heap before
{Heap before GC invocations=237 (full 0):
 garbage-first heap   total 538624K, used 512598K [0x0000000080000000, 0x0000000100000000)
  region size 1024K, 299 young (306176K), 14 survivors (14336K)
 Metaspace       used 177358K, committed 179904K, reserved 1245184K
  class space    used 22891K, committed 24128K, reserved 1048576K
}
Event: 548.267 GC heap after
{Heap after GC invocations=238 (full 0):
 garbage-first heap   total 538624K, used 222294K [0x0000000080000000, 0x0000000100000000)
  region size 1024K, 17 young (17408K), 17 survivors (17408K)
 Metaspace       used 177358K, committed 179904K, reserved 1245184K
  class space    used 22891K, committed 24128K, reserved 1048576K
}
Event: 553.103 GC heap before
{Heap before GC invocations=238 (full 0):
 garbage-first heap   total 538624K, used 510038K [0x0000000080000000, 0x0000000100000000)
  region size 1024K, 298 young (305152K), 17 survivors (17408K)
 Metaspace       used 177488K, committed 179968K, reserved 1245184K
  class space    used 22907K, committed 24128K, reserved 1048576K
}
Event: 553.211 GC heap after
{Heap after GC invocations=239 (full 0):
 garbage-first heap   total 538624K, used 219740K [0x0000000080000000, 0x0000000100000000)
  region size 1024K, 17 young (17408K), 17 survivors (17408K)
 Metaspace       used 177488K, committed 179968K, reserved 1245184K
  class space    used 22907K, committed 24128K, reserved 1048576K
}
Event: 557.882 GC heap before
{Heap before GC invocations=239 (full 0):
 garbage-first heap   total 538624K, used 497244K [0x0000000080000000, 0x0000000100000000)
  region size 1024K, 289 young (295936K), 17 survivors (17408K)
 Metaspace       used 177534K, committed 180032K, reserved 1245184K
  class space    used 22913K, committed 24128K, reserved 1048576K
}
Event: 557.928 GC heap after
{Heap after GC invocations=240 (full 0):
 garbage-first heap   total 538624K, used 221498K [0x0000000080000000, 0x0000000100000000)
  region size 1024K, 18 young (18432K), 18 survivors (18432K)
 Metaspace       used 177534K, committed 180032K, reserved 1245184K
  class space    used 22913K, committed 24128K, reserved 1048576K
}
Event: 561.781 GC heap before
{Heap before GC invocations=241 (full 0):
 garbage-first heap   total 538624K, used 513338K [0x0000000080000000, 0x0000000100000000)
  region size 1024K, 300 young (307200K), 18 survivors (18432K)
 Metaspace       used 177536K, committed 180032K, reserved 1245184K
  class space    used 22913K, committed 24128K, reserved 1048576K
}
Event: 561.964 GC heap after
{Heap after GC invocations=242 (full 0):
 garbage-first heap   total 538624K, used 223658K [0x0000000080000000, 0x0000000100000000)
  region size 1024K, 17 young (17408K), 17 survivors (17408K)
 Metaspace       used 177536K, committed 180032K, reserved 1245184K
  class space    used 22913K, committed 24128K, reserved 1048576K
}
Event: 564.702 GC heap before
{Heap before GC invocations=242 (full 0):
 garbage-first heap   total 538624K, used 510378K [0x0000000080000000, 0x0000000100000000)
  region size 1024K, 297 young (304128K), 17 survivors (17408K)
 Metaspace       used 177549K, committed 180032K, reserved 1245184K
  class space    used 22913K, committed 24128K, reserved 1048576K
}
Event: 564.755 GC heap after
{Heap after GC invocations=243 (full 0):
 garbage-first heap   total 538624K, used 221184K [0x0000000080000000, 0x0000000100000000)
  region size 1024K, 16 young (16384K), 16 survivors (16384K)
 Metaspace       used 177549K, committed 180032K, reserved 1245184K
  class space    used 22913K, committed 24128K, reserved 1048576K
}
Event: 565.240 GC heap before
{Heap before GC invocations=243 (full 0):
 garbage-first heap   total 538624K, used 244736K [0x0000000080000000, 0x0000000100000000)
  region size 1024K, 40 young (40960K), 16 survivors (16384K)
 Metaspace       used 177549K, committed 180032K, reserved 1245184K
  class space    used 22913K, committed 24128K, reserved 1048576K
}
Event: 565.362 GC heap after
{Heap after GC invocations=244 (full 0):
 garbage-first heap   total 538624K, used 220809K [0x0000000080000000, 0x0000000100000000)
  region size 1024K, 14 young (14336K), 14 survivors (14336K)
 Metaspace       used 177549K, committed 180032K, reserved 1245184K
  class space    used 22913K, committed 24128K, reserved 1048576K
}

