# JRE version: OpenJDK Runtime Environment (21.0.10) (build 21.0.10+-14961533-b1163.108)
# Java VM: OpenJDK 64-Bit Server VM (21.0.10+-14961533-b1163.108, mixed mode, tiered, compressed oops, compressed class ptrs, g1 gc, windows-amd64)
GC Precious Log:
 CardTable entry size: 512
 Card Set container configuration: InlinePtr #cards 5 size 8 Array Of Cards #cards 12 size 40 Howl #buckets 4 coarsen threshold 1843 Howl Bitmap #cards 512 size 80 coarsen threshold 460 Card regions per heap region 1 cards per card region 2048
 CPUs: 2 total, 2 available
 Memory: 3905M
 Large Page Support: Disabled
 NUMA Support: Disabled
 Compressed Oops: Enabled (32-bit)
 Heap Region Size: 1M
 Heap Min Capacity: 8M
 Heap Initial Capacity: 62M
 Heap Max Capacity: 1G
 Pre-touch: Disabled
 Parallel Workers: 2
 Concurrent Workers: 1
 Concurrent Refinement Workers: 2
 Periodic GC: Disabled
Heap:
 garbage-first heap   total 91136K, used 59705K [0x00000000c0000000, 0x0000000100000000)
  region size 1024K, 9 young (9216K), 1 survivors (1024K)
 Metaspace       used 71828K, committed 73536K, reserved 491520K
  class space    used 10204K, committed 11008K, reserved 425984K
GC Heap History (20 events):
Event: 140.081 GC heap before
{Heap before GC invocations=21 (full 0):
 garbage-first heap   total 66560K, used 59669K [0x00000000c0000000, 0x0000000100000000)
  region size 1024K, 23 young (23552K), 1 survivors (1024K)
 Metaspace       used 52798K, committed 54080K, reserved 491520K
  class space    used 7279K, committed 7936K, reserved 425984K
}
Event: 140.237 GC heap after
{Heap after GC invocations=22 (full 0):
 garbage-first heap   total 66560K, used 37704K [0x00000000c0000000, 0x0000000100000000)
  region size 1024K, 2 young (2048K), 2 survivors (2048K)
 Metaspace       used 52798K, committed 54080K, reserved 491520K
  class space    used 7279K, committed 7936K, reserved 425984K
}
Event: 147.838 GC heap before
{Heap before GC invocations=23 (full 0):
 garbage-first heap   total 66560K, used 60232K [0x00000000c0000000, 0x0000000100000000)
  region size 1024K, 24 young (24576K), 2 survivors (2048K)
 Metaspace       used 55349K, committed 56704K, reserved 491520K
  class space    used 7744K, committed 8384K, reserved 425984K
}
Event: 147.854 GC heap after
{Heap after GC invocations=24 (full 0):
 garbage-first heap   total 66560K, used 38704K [0x00000000c0000000, 0x0000000100000000)
  region size 1024K, 3 young (3072K), 3 survivors (3072K)
 Metaspace       used 55349K, committed 56704K, reserved 491520K
  class space    used 7744K, committed 8384K, reserved 425984K
}
Event: 164.024 GC heap before
{Heap before GC invocations=24 (full 0):
 garbage-first heap   total 66560K, used 61232K [0x00000000c0000000, 0x0000000100000000)
  region size 1024K, 24 young (24576K), 3 survivors (3072K)
 Metaspace       used 58306K, committed 59776K, reserved 491520K
  class space    used 8136K, committed 8832K, reserved 425984K
}
Event: 164.091 GC heap after
{Heap after GC invocations=25 (full 0):
 garbage-first heap   total 67584K, used 39301K [0x00000000c0000000, 0x0000000100000000)
  region size 1024K, 2 young (2048K), 2 survivors (2048K)
 Metaspace       used 58306K, committed 59776K, reserved 491520K
  class space    used 8136K, committed 8832K, reserved 425984K
}
Event: 173.496 GC heap before
{Heap before GC invocations=25 (full 0):
 garbage-first heap   total 67584K, used 60805K [0x00000000c0000000, 0x0000000100000000)
  region size 1024K, 24 young (24576K), 2 survivors (2048K)
 Metaspace       used 60652K, committed 62208K, reserved 491520K
  class space    used 8502K, committed 9216K, reserved 425984K
}
Event: 173.796 GC heap after
{Heap after GC invocations=26 (full 0):
 garbage-first heap   total 67584K, used 40323K [0x00000000c0000000, 0x0000000100000000)
  region size 1024K, 2 young (2048K), 2 survivors (2048K)
 Metaspace       used 60652K, committed 62208K, reserved 491520K
  class space    used 8502K, committed 9216K, reserved 425984K
}
Event: 193.794 GC heap before
{Heap before GC invocations=27 (full 0):
 garbage-first heap   total 68608K, used 62851K [0x00000000c0000000, 0x0000000100000000)
  region size 1024K, 24 young (24576K), 2 survivors (2048K)
 Metaspace       used 62398K, committed 63872K, reserved 491520K
  class space    used 8782K, committed 9472K, reserved 425984K
}
Event: 193.853 GC heap after
{Heap after GC invocations=28 (full 0):
 garbage-first heap   total 68608K, used 42214K [0x00000000c0000000, 0x0000000100000000)
  region size 1024K, 3 young (3072K), 3 survivors (3072K)
 Metaspace       used 62398K, committed 63872K, reserved 491520K
  class space    used 8782K, committed 9472K, reserved 425984K
}
Event: 201.003 GC heap before
{Heap before GC invocations=28 (full 0):
 garbage-first heap   total 68608K, used 62694K [0x00000000c0000000, 0x0000000100000000)
  region size 1024K, 24 young (24576K), 3 survivors (3072K)
 Metaspace       used 62993K, committed 64512K, reserved 491520K
  class space    used 8832K, committed 9536K, reserved 425984K
}
Event: 201.032 GC heap after
{Heap after GC invocations=29 (full 0):
 garbage-first heap   total 69632K, used 43158K [0x00000000c0000000, 0x0000000100000000)
  region size 1024K, 2 young (2048K), 2 survivors (2048K)
 Metaspace       used 62993K, committed 64512K, reserved 491520K
  class space    used 8832K, committed 9536K, reserved 425984K
}
Event: 208.382 GC heap before
{Heap before GC invocations=29 (full 0):
 garbage-first heap   total 69632K, used 64662K [0x00000000c0000000, 0x0000000100000000)
  region size 1024K, 23 young (23552K), 2 survivors (2048K)
 Metaspace       used 65337K, committed 67008K, reserved 491520K
  class space    used 9249K, committed 10048K, reserved 425984K
}
Event: 208.396 GC heap after
{Heap after GC invocations=30 (full 0):
 garbage-first heap   total 69632K, used 43734K [0x00000000c0000000, 0x0000000100000000)
  region size 1024K, 2 young (2048K), 2 survivors (2048K)
 Metaspace       used 65337K, committed 67008K, reserved 491520K
  class space    used 9249K, committed 10048K, reserved 425984K
}
Event: 218.270 GC heap before
{Heap before GC invocations=31 (full 0):
 garbage-first heap   total 73728K, used 71382K [0x00000000c0000000, 0x0000000100000000)
  region size 1024K, 22 young (22528K), 2 survivors (2048K)
 Metaspace       used 67083K, committed 68800K, reserved 491520K
  class space    used 9553K, committed 10368K, reserved 425984K
}
Event: 218.298 GC heap after
{Heap after GC invocations=32 (full 0):
 garbage-first heap   total 75776K, used 52854K [0x00000000c0000000, 0x0000000100000000)
  region size 1024K, 3 young (3072K), 3 survivors (3072K)
 Metaspace       used 67083K, committed 68800K, reserved 491520K
  class space    used 9553K, committed 10368K, reserved 425984K
}
Event: 223.992 GC heap before
{Heap before GC invocations=32 (full 0):
 garbage-first heap   total 75776K, used 70262K [0x00000000c0000000, 0x0000000100000000)
  region size 1024K, 20 young (20480K), 3 survivors (3072K)
 Metaspace       used 69123K, committed 70848K, reserved 491520K
  class space    used 9833K, committed 10688K, reserved 425984K
}
Event: 224.022 GC heap after
{Heap after GC invocations=33 (full 0):
 garbage-first heap   total 76800K, used 53139K [0x00000000c0000000, 0x0000000100000000)
  region size 1024K, 1 young (1024K), 1 survivors (1024K)
 Metaspace       used 69123K, committed 70848K, reserved 491520K
  class space    used 9833K, committed 10688K, reserved 425984K
}
Event: 226.655 GC heap before
{Heap before GC invocations=33 (full 0):
 garbage-first heap   total 76800K, used 70547K [0x00000000c0000000, 0x0000000100000000)
  region size 1024K, 18 young (18432K), 1 survivors (1024K)
 Metaspace       used 71115K, committed 72832K, reserved 491520K
  class space    used 10101K, committed 10944K, reserved 425984K
}
Event: 226.675 GC heap after
{Heap after GC invocations=34 (full 0):
 garbage-first heap   total 76800K, used 53561K [0x00000000c0000000, 0x0000000100000000)
  region size 1024K, 1 young (1024K), 1 survivors (1024K)
 Metaspace       used 71115K, committed 72832K, reserved 491520K
  class space    used 10101K, committed 10944K, reserved 425984K
}

