# JRE version: OpenJDK Runtime Environment (21.0.10) (build 21.0.10+-14961533-b1163.108)
# Java VM: OpenJDK 64-Bit Server VM (21.0.10+-14961533-b1163.108, mixed mode, tiered, compressed oops, compressed class ptrs, g1 gc, windows-amd64)
GC Precious Log:
 CardTable entry size: 512
 Card Set container configuration: InlinePtr #cards 5 size 8 Array Of Cards #cards 12 size 40 Howl #buckets 4 coarsen threshold 1843 Howl Bitmap #cards 512 size 80 coarsen threshold 460 Card regions per heap region 1 cards per card region 2048
 CPUs: 2 total, 2 available
 Memory: 3905M
 Large Page Support: Disabled
 NUMA Support: Disabled
 Compressed Oops: Enabled (32-bit)
 Heap Region Size: 1M
 Heap Min Capacity: 8M
 Heap Initial Capacity: 62M
 Heap Max Capacity: 1G
 Pre-touch: Disabled
 Parallel Workers: 2
 Concurrent Workers: 1
 Concurrent Refinement Workers: 2
 Periodic GC: Disabled
Heap:
 garbage-first heap   total 208896K, used 151552K [0x00000000c0000000, 0x0000000100000000)
  region size 1024K, 29 young (29696K), 5 survivors (5120K)
 Metaspace       used 155029K, committed 157504K, reserved 622592K
  class space    used 20673K, committed 21888K, reserved 425984K
GC Heap History (20 events):
Event: 638.896 GC heap before
{Heap before GC invocations=59 (full 0):
 garbage-first heap   total 144384K, used 91648K [0x00000000c0000000, 0x0000000100000000)
  region size 1024K, 7 young (7168K), 6 survivors (6144K)
 Metaspace       used 104069K, committed 106112K, reserved 557056K
  class space    used 15036K, committed 16000K, reserved 425984K
}
Event: 638.934 GC heap after
{Heap after GC invocations=60 (full 0):
 garbage-first heap   total 174080K, used 91743K [0x00000000c0000000, 0x0000000100000000)
  region size 1024K, 1 young (1024K), 1 survivors (1024K)
 Metaspace       used 104069K, committed 106112K, reserved 557056K
  class space    used 15036K, committed 16000K, reserved 425984K
}
Event: 647.329 GC heap before
{Heap before GC invocations=60 (full 0):
 garbage-first heap   total 174080K, used 162399K [0x00000000c0000000, 0x0000000100000000)
  region size 1024K, 64 young (65536K), 1 survivors (1024K)
 Metaspace       used 111838K, committed 113792K, reserved 557056K
  class space    used 15909K, committed 16832K, reserved 425984K
}
Event: 647.341 GC heap after
{Heap after GC invocations=61 (full 0):
 garbage-first heap   total 174080K, used 102016K [0x00000000c0000000, 0x0000000100000000)
  region size 1024K, 4 young (4096K), 4 survivors (4096K)
 Metaspace       used 111838K, committed 113792K, reserved 557056K
  class space    used 15909K, committed 16832K, reserved 425984K
}
Event: 656.273 GC heap before
{Heap before GC invocations=61 (full 0):
 garbage-first heap   total 174080K, used 157312K [0x00000000c0000000, 0x0000000100000000)
  region size 1024K, 58 young (59392K), 4 survivors (4096K)
 Metaspace       used 118806K, committed 121088K, reserved 557056K
  class space    used 16750K, committed 17856K, reserved 425984K
}
Event: 656.289 GC heap after
{Heap after GC invocations=62 (full 0):
 garbage-first heap   total 174080K, used 105088K [0x00000000c0000000, 0x0000000100000000)
  region size 1024K, 7 young (7168K), 7 survivors (7168K)
 Metaspace       used 118806K, committed 121088K, reserved 557056K
  class space    used 16750K, committed 17856K, reserved 425984K
}
Event: 662.865 GC heap before
{Heap before GC invocations=62 (full 0):
 garbage-first heap   total 174080K, used 144000K [0x00000000c0000000, 0x0000000100000000)
  region size 1024K, 46 young (47104K), 7 survivors (7168K)
 Metaspace       used 124030K, committed 126336K, reserved 557056K
  class space    used 17442K, committed 18560K, reserved 425984K
}
Event: 662.898 GC heap after
{Heap after GC invocations=63 (full 0):
 garbage-first heap   total 174080K, used 107678K [0x00000000c0000000, 0x0000000100000000)
  region size 1024K, 6 young (6144K), 6 survivors (6144K)
 Metaspace       used 124030K, committed 126336K, reserved 557056K
  class space    used 17442K, committed 18560K, reserved 425984K
}
Event: 678.220 GC heap before
{Heap before GC invocations=64 (full 0):
 garbage-first heap   total 179200K, used 159902K [0x00000000c0000000, 0x0000000100000000)
  region size 1024K, 57 young (58368K), 6 survivors (6144K)
 Metaspace       used 127293K, committed 129600K, reserved 557056K
  class space    used 17819K, committed 18944K, reserved 425984K
}
Event: 678.367 GC heap after
{Heap after GC invocations=65 (full 0):
 garbage-first heap   total 179200K, used 109862K [0x00000000c0000000, 0x0000000100000000)
  region size 1024K, 6 young (6144K), 6 survivors (6144K)
 Metaspace       used 127293K, committed 129600K, reserved 557056K
  class space    used 17819K, committed 18944K, reserved 425984K
}
Event: 689.745 GC heap before
{Heap before GC invocations=65 (full 0):
 garbage-first heap   total 179200K, used 165158K [0x00000000c0000000, 0x0000000100000000)
  region size 1024K, 60 young (61440K), 6 survivors (6144K)
 Metaspace       used 130915K, committed 133248K, reserved 557056K
  class space    used 18218K, committed 19392K, reserved 425984K
}
Event: 689.787 GC heap after
{Heap after GC invocations=66 (full 0):
 garbage-first heap   total 179200K, used 113923K [0x00000000c0000000, 0x0000000100000000)
  region size 1024K, 8 young (8192K), 8 survivors (8192K)
 Metaspace       used 130915K, committed 133248K, reserved 557056K
  class space    used 18218K, committed 19392K, reserved 425984K
}
Event: 705.319 GC heap before
{Heap before GC invocations=66 (full 0):
 garbage-first heap   total 179200K, used 165123K [0x00000000c0000000, 0x0000000100000000)
  region size 1024K, 58 young (59392K), 8 survivors (8192K)
 Metaspace       used 136948K, committed 139328K, reserved 557056K
  class space    used 18861K, committed 20032K, reserved 425984K
}
Event: 705.401 GC heap after
{Heap after GC invocations=67 (full 0):
 garbage-first heap   total 179200K, used 117248K [0x00000000c0000000, 0x0000000100000000)
  region size 1024K, 4 young (4096K), 4 survivors (4096K)
 Metaspace       used 136948K, committed 139328K, reserved 557056K
  class space    used 18861K, committed 20032K, reserved 425984K
}
Event: 714.747 GC heap before
{Heap before GC invocations=67 (full 0):
 garbage-first heap   total 179200K, used 166400K [0x00000000c0000000, 0x0000000100000000)
  region size 1024K, 52 young (53248K), 4 survivors (4096K)
 Metaspace       used 144377K, committed 146752K, reserved 557056K
  class space    used 19653K, committed 20800K, reserved 425984K
}
Event: 714.767 GC heap after
{Heap after GC invocations=68 (full 0):
 garbage-first heap   total 179200K, used 118758K [0x00000000c0000000, 0x0000000100000000)
  region size 1024K, 5 young (5120K), 5 survivors (5120K)
 Metaspace       used 144377K, committed 146752K, reserved 557056K
  class space    used 19653K, committed 20800K, reserved 425984K
}
Event: 722.968 GC heap before
{Heap before GC invocations=68 (full 0):
 garbage-first heap   total 179200K, used 167910K [0x00000000c0000000, 0x0000000100000000)
  region size 1024K, 54 young (55296K), 5 survivors (5120K)
 Metaspace       used 152591K, committed 155008K, reserved 622592K
  class space    used 20380K, committed 21568K, reserved 425984K
}
Event: 723.032 GC heap after
{Heap after GC invocations=69 (full 0):
 garbage-first heap   total 179200K, used 120707K [0x00000000c0000000, 0x0000000100000000)
  region size 1024K, 4 young (4096K), 4 survivors (4096K)
 Metaspace       used 152591K, committed 155008K, reserved 622592K
  class space    used 20380K, committed 21568K, reserved 425984K
}
Event: 746.988 GC heap before
{Heap before GC invocations=69 (full 0):
 garbage-first heap   total 179200K, used 141187K [0x00000000c0000000, 0x0000000100000000)
  region size 1024K, 25 young (25600K), 4 survivors (4096K)
 Metaspace       used 154841K, committed 157248K, reserved 622592K
  class space    used 20647K, committed 21824K, reserved 425984K
}
Event: 747.070 GC heap after
{Heap after GC invocations=70 (full 0):
 garbage-first heap   total 179200K, used 121856K [0x00000000c0000000, 0x0000000100000000)
  region size 1024K, 5 young (5120K), 5 survivors (5120K)
 Metaspace       used 154841K, committed 157248K, reserved 622592K
  class space    used 20647K, committed 21824K, reserved 425984K
}

