# JRE version: OpenJDK Runtime Environment (21.0.10) (build 21.0.10+-14961533-b1163.108)
# Java VM: OpenJDK 64-Bit Server VM (21.0.10+-14961533-b1163.108, mixed mode, tiered, compressed oops, compressed class ptrs, g1 gc, windows-amd64)
GC Precious Log:
 CardTable entry size: 512
 Card Set container configuration: InlinePtr #cards 5 size 8 Array Of Cards #cards 12 size 40 Howl #buckets 4 coarsen threshold 1843 Howl Bitmap #cards 512 size 80 coarsen threshold 460 Card regions per heap region 1 cards per card region 2048
 CPUs: 2 total, 2 available
 Memory: 3905M
 Large Page Support: Disabled
 NUMA Support: Disabled
 Compressed Oops: Enabled (32-bit)
 Heap Region Size: 1M
 Heap Min Capacity: 8M
 Heap Initial Capacity: 62M
 Heap Max Capacity: 2G
 Pre-touch: Disabled
 Parallel Workers: 2
 Concurrent Workers: 1
 Concurrent Refinement Workers: 2
 Periodic GC: Disabled
Heap:
 garbage-first heap   total 271360K, used 140897K [0x0000000080000000, 0x0000000100000000)
  region size 1024K, 73 young (74752K), 10 survivors (10240K)
 Metaspace       used 60114K, committed 61440K, reserved 1114112K
  class space    used 8239K, committed 8896K, reserved 1048576K
GC Heap History (20 events):
Event: 132.216 GC heap before
{Heap before GC invocations=124 (full 0):
 garbage-first heap   total 221184K, used 185713K [0x0000000080000000, 0x0000000100000000)
  region size 1024K, 129 young (132096K), 9 survivors (9216K)
 Metaspace       used 59587K, committed 60928K, reserved 1114112K
  class space    used 8199K, committed 8832K, reserved 1048576K
}
Event: 132.234 GC heap after
{Heap after GC invocations=125 (full 0):
 garbage-first heap   total 221184K, used 63222K [0x0000000080000000, 0x0000000100000000)
  region size 1024K, 9 young (9216K), 9 survivors (9216K)
 Metaspace       used 59587K, committed 60928K, reserved 1114112K
  class space    used 8199K, committed 8832K, reserved 1048576K
}
Event: 135.168 GC heap before
{Heap before GC invocations=125 (full 0):
 garbage-first heap   total 221184K, used 186102K [0x0000000080000000, 0x0000000100000000)
  region size 1024K, 129 young (132096K), 9 survivors (9216K)
 Metaspace       used 59588K, committed 60928K, reserved 1114112K
  class space    used 8199K, committed 8832K, reserved 1048576K
}
Event: 135.185 GC heap after
{Heap after GC invocations=126 (full 0):
 garbage-first heap   total 221184K, used 64110K [0x0000000080000000, 0x0000000100000000)
  region size 1024K, 9 young (9216K), 9 survivors (9216K)
 Metaspace       used 59588K, committed 60928K, reserved 1114112K
  class space    used 8199K, committed 8832K, reserved 1048576K
}
Event: 136.506 GC heap before
{Heap before GC invocations=126 (full 0):
 garbage-first heap   total 221184K, used 186990K [0x0000000080000000, 0x0000000100000000)
  region size 1024K, 129 young (132096K), 9 survivors (9216K)
 Metaspace       used 59594K, committed 60928K, reserved 1114112K
  class space    used 8199K, committed 8832K, reserved 1048576K
}
Event: 136.580 GC heap after
{Heap after GC invocations=127 (full 0):
 garbage-first heap   total 221184K, used 64361K [0x0000000080000000, 0x0000000100000000)
  region size 1024K, 9 young (9216K), 9 survivors (9216K)
 Metaspace       used 59594K, committed 60928K, reserved 1114112K
  class space    used 8199K, committed 8832K, reserved 1048576K
}
Event: 137.737 GC heap before
{Heap before GC invocations=127 (full 0):
 garbage-first heap   total 221184K, used 188265K [0x0000000080000000, 0x0000000100000000)
  region size 1024K, 129 young (132096K), 9 survivors (9216K)
 Metaspace       used 59602K, committed 60928K, reserved 1114112K
  class space    used 8199K, committed 8832K, reserved 1048576K
}
Event: 137.777 GC heap after
{Heap after GC invocations=128 (full 0):
 garbage-first heap   total 221184K, used 65811K [0x0000000080000000, 0x0000000100000000)
  region size 1024K, 10 young (10240K), 10 survivors (10240K)
 Metaspace       used 59602K, committed 60928K, reserved 1114112K
  class space    used 8199K, committed 8832K, reserved 1048576K
}
Event: 138.443 GC heap before
{Heap before GC invocations=128 (full 0):
 garbage-first heap   total 221184K, used 187667K [0x0000000080000000, 0x0000000100000000)
  region size 1024K, 129 young (132096K), 10 survivors (10240K)
 Metaspace       used 59604K, committed 60928K, reserved 1114112K
  class space    used 8199K, committed 8832K, reserved 1048576K
}
Event: 138.460 GC heap after
{Heap after GC invocations=129 (full 0):
 garbage-first heap   total 221184K, used 66341K [0x0000000080000000, 0x0000000100000000)
  region size 1024K, 10 young (10240K), 10 survivors (10240K)
 Metaspace       used 59604K, committed 60928K, reserved 1114112K
  class space    used 8199K, committed 8832K, reserved 1048576K
}
Event: 139.159 GC heap before
{Heap before GC invocations=129 (full 0):
 garbage-first heap   total 221184K, used 188197K [0x0000000080000000, 0x0000000100000000)
  region size 1024K, 129 young (132096K), 10 survivors (10240K)
 Metaspace       used 59611K, committed 60928K, reserved 1114112K
  class space    used 8199K, committed 8832K, reserved 1048576K
}
Event: 139.175 GC heap after
{Heap after GC invocations=130 (full 0):
 garbage-first heap   total 221184K, used 66894K [0x0000000080000000, 0x0000000100000000)
  region size 1024K, 10 young (10240K), 10 survivors (10240K)
 Metaspace       used 59611K, committed 60928K, reserved 1114112K
  class space    used 8199K, committed 8832K, reserved 1048576K
}
Event: 139.808 GC heap before
{Heap before GC invocations=130 (full 0):
 garbage-first heap   total 221184K, used 188750K [0x0000000080000000, 0x0000000100000000)
  region size 1024K, 129 young (132096K), 10 survivors (10240K)
 Metaspace       used 59611K, committed 60928K, reserved 1114112K
  class space    used 8199K, committed 8832K, reserved 1048576K
}
Event: 139.846 GC heap after
{Heap after GC invocations=131 (full 0):
 garbage-first heap   total 271360K, used 67007K [0x0000000080000000, 0x0000000100000000)
  region size 1024K, 9 young (9216K), 9 survivors (9216K)
 Metaspace       used 59611K, committed 60928K, reserved 1114112K
  class space    used 8199K, committed 8832K, reserved 1048576K
}
Event: 141.637 GC heap before
{Heap before GC invocations=131 (full 0):
 garbage-first heap   total 271360K, used 220607K [0x0000000080000000, 0x0000000100000000)
  region size 1024K, 159 young (162816K), 9 survivors (9216K)
 Metaspace       used 59633K, committed 60928K, reserved 1114112K
  class space    used 8199K, committed 8832K, reserved 1048576K
}
Event: 141.657 GC heap after
{Heap after GC invocations=132 (full 0):
 garbage-first heap   total 271360K, used 68031K [0x0000000080000000, 0x0000000100000000)
  region size 1024K, 10 young (10240K), 10 survivors (10240K)
 Metaspace       used 59633K, committed 60928K, reserved 1114112K
  class space    used 8199K, committed 8832K, reserved 1048576K
}
Event: 142.579 GC heap before
{Heap before GC invocations=132 (full 0):
 garbage-first heap   total 271360K, used 221631K [0x0000000080000000, 0x0000000100000000)
  region size 1024K, 159 young (162816K), 10 survivors (10240K)
 Metaspace       used 59633K, committed 60928K, reserved 1114112K
  class space    used 8199K, committed 8832K, reserved 1048576K
}
Event: 142.600 GC heap after
{Heap after GC invocations=133 (full 0):
 garbage-first heap   total 271360K, used 69667K [0x0000000080000000, 0x0000000100000000)
  region size 1024K, 10 young (10240K), 10 survivors (10240K)
 Metaspace       used 59633K, committed 60928K, reserved 1114112K
  class space    used 8199K, committed 8832K, reserved 1048576K
}
Event: 144.027 GC heap before
{Heap before GC invocations=133 (full 0):
 garbage-first heap   total 271360K, used 222243K [0x0000000080000000, 0x0000000100000000)
  region size 1024K, 159 young (162816K), 10 survivors (10240K)
 Metaspace       used 59644K, committed 60992K, reserved 1114112K
  class space    used 8199K, committed 8832K, reserved 1048576K
}
Event: 144.047 GC heap after
{Heap after GC invocations=134 (full 0):
 garbage-first heap   total 271360K, used 70241K [0x0000000080000000, 0x0000000100000000)
  region size 1024K, 10 young (10240K), 10 survivors (10240K)
 Metaspace       used 59644K, committed 60992K, reserved 1114112K
  class space    used 8199K, committed 8832K, reserved 1048576K
}

